[2022-03-04 03:03:45] [main 4cc58c06] Update dot_config/geary/account_01/encrypted_geary.ini.asc Update dot_config/geary/goa_account_1629840650_0/encrypted_geary.ini.asc Update dot_config/geary/goa_account_1631733517_0/encrypted_geary.ini.asc Update dot_config/geary/goa_account_1644790230_0/encrypted_geary.ini.asc Update dot_config/geary/goa_account_1644790295_1/encrypted_geary.ini.asc Update dot_config/gh/encrypted_private_config.yml.asc Update dot_config/gh/encrypted_private_hosts.yml.asc Update dot_config/private_dconf/encrypted_user.asc Update dot_config/rclone/encrypted_private_rclone.conf.asc Update encrypted_dot_gitconfig.asc
[2022-03-04 03:03:45]  10 files changed, 1038 insertions(+), 1034 deletions(-)
[2022-03-04 03:03:45]  rewrite dot_config/geary/account_01/encrypted_geary.ini.asc (94%)
[2022-03-04 03:03:45]  rewrite dot_config/geary/goa_account_1629840650_0/encrypted_geary.ini.asc (93%)
[2022-03-04 03:03:45]  rewrite dot_config/geary/goa_account_1631733517_0/encrypted_geary.ini.asc (93%)
[2022-03-04 03:03:45]  rewrite dot_config/geary/goa_account_1644790230_0/encrypted_geary.ini.asc (93%)
[2022-03-04 03:03:45]  rewrite dot_config/geary/goa_account_1644790295_1/encrypted_geary.ini.asc (93%)
[2022-03-04 03:03:45]  rewrite dot_config/gh/encrypted_private_config.yml.asc (94%)
[2022-03-04 03:03:45]  rewrite dot_config/gh/encrypted_private_hosts.yml.asc (93%)
[2022-03-04 03:03:45]  rewrite dot_config/private_dconf/encrypted_user.asc (97%)
[2022-03-04 03:03:45]  rewrite dot_config/rclone/encrypted_private_rclone.conf.asc (95%)
[2022-03-04 03:03:45]  rewrite encrypted_dot_gitconfig.asc (96%)
[2022-03-04 03:03:57] To https://github.com/luigibarbato/dotfiles.git
[2022-03-04 03:03:57]    6fee916b..4cc58c06  main -> main
[2022-03-05 03:03:34] [main 627da049] Update dot_config/geary/account_01/encrypted_geary.ini.asc Update dot_config/geary/goa_account_1629840650_0/encrypted_geary.ini.asc Update dot_config/geary/goa_account_1631733517_0/encrypted_geary.ini.asc Update dot_config/geary/goa_account_1644790230_0/encrypted_geary.ini.asc Update dot_config/geary/goa_account_1644790295_1/encrypted_geary.ini.asc Update dot_config/gh/encrypted_private_config.yml.asc Update dot_config/gh/encrypted_private_hosts.yml.asc Update dot_config/private_dconf/encrypted_user.asc Update dot_config/rclone/encrypted_private_rclone.conf.asc Update encrypted_dot_gitconfig.asc
[2022-03-05 03:03:34]  10 files changed, 1038 insertions(+), 1038 deletions(-)
[2022-03-05 03:03:34]  rewrite dot_config/geary/account_01/encrypted_geary.ini.asc (94%)
[2022-03-05 03:03:34]  rewrite dot_config/geary/goa_account_1629840650_0/encrypted_geary.ini.asc (93%)
[2022-03-05 03:03:34]  rewrite dot_config/geary/goa_account_1631733517_0/encrypted_geary.ini.asc (93%)
[2022-03-05 03:03:34]  rewrite dot_config/geary/goa_account_1644790230_0/encrypted_geary.ini.asc (93%)
[2022-03-05 03:03:34]  rewrite dot_config/geary/goa_account_1644790295_1/encrypted_geary.ini.asc (93%)
[2022-03-05 03:03:34]  rewrite dot_config/gh/encrypted_private_config.yml.asc (94%)
[2022-03-05 03:03:34]  rewrite dot_config/gh/encrypted_private_hosts.yml.asc (93%)
[2022-03-05 03:03:34]  rewrite dot_config/private_dconf/encrypted_user.asc (97%)
[2022-03-05 03:03:34]  rewrite dot_config/rclone/encrypted_private_rclone.conf.asc (95%)
[2022-03-05 03:03:34]  rewrite encrypted_dot_gitconfig.asc (96%)
[2022-03-05 03:03:35] To https://github.com/luigibarbato/dotfiles.git
[2022-03-05 03:03:35]    d7bd026c..627da049  main -> main
